[13:08:38.948] [INFO] Storybook Upgrade - v9.1.16
[13:08:38.954] [INFO] detect-projects-spinner-start: Detecting projects...
[13:08:38.956] [DEBUG] Finding Storybook projects...
[13:08:38.977] [DEBUG] Found 1 Storybook projects
[13:08:38.978] [INFO] detect-projects-spinner: Detecting projects: 1 projects
[13:08:38.978] [DEBUG] Getting Storybook data...
[13:08:38.978] [DEBUG] Getting Storybook info...
[13:08:38.979] [DEBUG] Loading main config...
[13:08:39.023] [DEBUG] Getting stories paths...
[13:08:39.035] [DEBUG] Getting package manager...
[13:08:39.103] [DEBUG] Getting Storybook version...
[13:08:39.103] [DEBUG] /packages/react-components/.storybook - Validating before version... 8.6.14
[13:08:39.103] [DEBUG] /packages/react-components/.storybook - Validating upgrade compatibility...
[13:08:39.103] [DEBUG] /packages/react-components/.storybook - Fetching NPM version information...
[13:08:39.103] [DEBUG] Getting CLI versions from NPM for storybook...
[13:08:39.106] [DEBUG] Getting CLI versions from NPM for storybook@next...
[13:08:39.520] [DEBUG] /packages/react-components/.storybook - Evaluating blockers...
[13:08:39.522] [DEBUG] Getting installed version for @storybook/experimental-addon-test...
[13:08:40.579] [DEBUG] An issue occurred while trying to find dependencies metadata using npm.
[13:08:40.579] [INFO] detect-projects-spinner-stop: 1 project detected
[13:08:40.579] [DEBUG] Found 1 valid projects and 0 error projects
[13:08:40.580] [INFO] Upgrading from 8.6.14 to 9.1.16
[13:08:40.583] [INFO] upgrade-dependencies-task-start: Fetching versions to update package.json files..
[13:08:40.584] [DEBUG] Updating dependencies in /packages/react-components/.storybook...
[13:08:40.587] [INFO] upgrade-dependencies-task: /packages/react-components/package.json
/package.json
[13:08:40.587] [DEBUG] {
  "upgradedDependencies": []
}
[13:08:40.587] [DEBUG] {
  "upgradedDevDependencies": [
    "@storybook/addon-a11y@9.1.16",
    "@storybook/react@9.1.16",
    "@storybook/react-vite@9.1.16",
    "storybook@9.1.16"
  ]
}
[13:08:40.587] [DEBUG] {
  "upgradedPeerDependencies": []
}
[13:08:40.588] [DEBUG] Getting CLI versions from NPM for @storybook/addon-a11y...
[13:08:41.180] [DEBUG] Getting CLI versions from NPM for @storybook/react...
[13:08:41.566] [DEBUG] Getting CLI versions from NPM for @storybook/react-vite...
[13:08:41.963] [DEBUG] Using cached version for storybook...
[13:08:41.971] [DEBUG] {
  "upgradedDependencies": []
}
[13:08:41.971] [DEBUG] {
  "upgradedDevDependencies": []
}
[13:08:41.971] [DEBUG] {
  "upgradedPeerDependencies": []
}
[13:08:41.973] [INFO] upgrade-dependencies-task-success: Updated package versions in package.json files
[13:08:41.974] [INFO] detect-automigrations-task-start: Detecting automigrations...
[13:08:41.974] [DEBUG] Starting automigration collection across 1 projects and 16 fixes...
[13:08:41.977] [INFO] detect-automigrations-task: Checking automigrations for /packages/react-components/.storybook...
[13:08:41.977] [DEBUG] Processing project: /packages/react-components/.storybook
[13:08:41.977] [DEBUG] Checking fix eslintPlugin for project /packages/react-components/.storybook...
[13:08:41.980] [DEBUG] Checking fix addon-mdx-gfm-remove for project /packages/react-components/.storybook...
[13:08:41.980] [DEBUG] Checking fix addon-storysource-code-panel for project /packages/react-components/.storybook...
[13:08:41.981] [DEBUG] Checking fix upgrade-storybook-related-dependencies for project /packages/react-components/.storybook...
[13:08:41.981] [DEBUG] Checking for incompatible storybook packages...
[13:08:41.982] [DEBUG] Getting installed version for @storybook/addon-essentials...
[13:08:41.984] [DEBUG] Getting installed version for @storybook/addon-interactions...
[13:08:41.985] [DEBUG] Getting installed version for @storybook/test...
[13:08:43.061] [DEBUG] An issue occurred while trying to find dependencies metadata using npm.
[13:08:43.061] [DEBUG] Getting CLI versions from NPM for @storybook/test...
[13:08:43.063] [DEBUG] An issue occurred while trying to find dependencies metadata using npm.
[13:08:43.063] [DEBUG] Getting CLI versions from NPM for @storybook/addon-interactions...
[13:08:43.064] [DEBUG] An issue occurred while trying to find dependencies metadata using npm.
[13:08:43.064] [DEBUG] Getting CLI versions from NPM for @storybook/addon-essentials...
[13:08:43.441] [DEBUG] Checking fix initial-globals for project /packages/react-components/.storybook...
[13:08:43.451] [DEBUG] Checking fix addon-globals-api for project /packages/react-components/.storybook...
[13:08:43.452] [DEBUG] Checking fix addon-a11y-addon-test for project /packages/react-components/.storybook...
[13:08:43.452] [DEBUG] Checking fix consolidated-imports for project /packages/react-components/.storybook...
[13:08:43.452] [DEBUG] Checking fix addon-experimental-test for project /packages/react-components/.storybook...
[13:08:43.453] [DEBUG] Using cached installed version for @storybook/experimental-addon-test...
[13:08:43.453] [DEBUG] Checking fix rnstorybook-config for project /packages/react-components/.storybook...
[13:08:43.453] [DEBUG] Checking fix remove-addon-interactions for project /packages/react-components/.storybook...
[13:08:43.453] [DEBUG] Checking fix renderer-to-framework for project /packages/react-components/.storybook...
[13:08:43.453] [DEBUG] Checking fix remove-essential-addons for project /packages/react-components/.storybook...
[13:08:43.453] [DEBUG] Checking fix addon-a11y-parameters for project /packages/react-components/.storybook...
[13:08:43.454] [DEBUG] Checking fix remove-docs-autodocs for project /packages/react-components/.storybook...
[13:08:43.457] [DEBUG] Checking fix wrap-require for project /packages/react-components/.storybook...
[13:08:43.463] [INFO] detect-automigrations-task: 
Automigrations detected:
[13:08:43.467] [INFO] detect-automigrations-task: ✔ consolidated-imports
[13:08:43.469] [INFO] detect-automigrations-task: ✔ remove-addon-interactions
[13:08:43.472] [INFO] detect-automigrations-task: ✔ renderer-to-framework
[13:08:43.474] [INFO] detect-automigrations-task: ✔ remove-essential-addons
[13:08:43.478] [INFO] detect-automigrations-task: ✔ remove-docs-autodocs
[13:08:43.483] [INFO] detect-automigrations-task: ✔ wrap-require
[13:08:43.483] [INFO] detect-automigrations-task-success: 6 automigration(s) detected
[13:09:09.791] [PROMPT] Select automigrations to run {"choice":["consolidated-imports","remove-addon-interactions","renderer-to-framework","remove-essential-addons","remove-docs-autodocs","wrap-require"]}
[13:09:09.792] [INFO] automigrate-/packages/react-components/.storybook-task-start: Running automigrations for /packages/react-components/.storybook
[13:09:09.803] [INFO] automigrate-/packages/react-components/.storybook-task: ✔ consolidated-imports
[13:09:09.806] [DEBUG] Uninstalling @storybook/addon-interactions
[13:09:09.806] [DEBUG] Removing '@storybook/addon-interactions' from main.js addons field.
[13:09:09.814] [INFO] automigrate-/packages/react-components/.storybook-task: ✔ remove-addon-interactions
[13:09:09.815] [DEBUG] 
Migrating @storybook/react to @storybook/react-vite
[13:09:09.816] [DEBUG] Updating package.json files...
[13:09:09.820] [INFO] automigrate-/packages/react-components/.storybook-task: ✔ renderer-to-framework
[13:09:09.823] [DEBUG] Uninstalling @storybook/addon-essentials
[13:09:09.823] [DEBUG] Removing '@storybook/addon-essentials' from main.js addons field.
[13:09:09.824] [DEBUG] Getting Storybook info...
[13:09:09.824] [DEBUG] Loading main config...
[13:09:09.829] [DEBUG] Getting stories paths...
[13:09:09.829] [DEBUG] Getting package manager...
[13:09:09.831] [DEBUG] Getting Storybook version...
[13:09:09.841] [INFO] automigrate-/packages/react-components/.storybook-task: Verifying @storybook/addon-docs
[13:09:09.844] [INFO] automigrate-/packages/react-components/.storybook-task: Installing @storybook/addon-docs@9.1.16
[13:09:09.845] [DEBUG] Getting CLI versions from NPM for @storybook/addon-docs...
[13:09:10.323] [INFO] automigrate-/packages/react-components/.storybook-task: Adding '@storybook/addon-docs' to the "addons" field in
/home/willar1/code/rdf-web-components/packages/react-components/.storybook/main.ts
[13:09:10.329] [INFO] automigrate-/packages/react-components/.storybook-task: ✔ remove-essential-addons
[13:09:10.332] [INFO] automigrate-/packages/react-components/.storybook-task: 🔄 Updating docs parameter in main config file...
[13:09:10.340] [INFO] automigrate-/packages/react-components/.storybook-task: ✔ remove-docs-autodocs
[13:09:10.352] [INFO] automigrate-/packages/react-components/.storybook-task: ✔ wrap-require
[13:09:10.353] [INFO] automigrate-/packages/react-components/.storybook-task-success: Completed automigrations for /packages/react-components/.storybook
[13:09:10.353] [INFO] Installing dependencies...
[13:09:10.353] [INFO] install-dependencies-task-start: Installing dependencies...
[13:09:10.632] [INFO] Dependencies installed
[13:09:10.632] [INFO] install-dependencies-task-success: Dependencies installed
[13:09:10.633] [WARN] Since you are in a monorepo, we advise you to deduplicate your dependencies. We can do this for you but it might take some time.
[13:09:14.982] [PROMPT] Execute bun run dedupe? {"choice":true}
[13:09:14.982] [INFO] Deduplicating dependencies...
[13:09:14.983] [INFO] dedupe-dependencies-task-start: Deduplicating dependencies...
[13:09:15.016] [ERROR] An error occurred while deduplicating dependencies. {"error":"Error: Command failed with exit code 1: bun dedupe\nerror: Script not found \"dedupe\"\n    at makeError (/home/willar1/.npm/_npx/e2379662f955a86b/node_modules/storybook/dist/common/index.cjs:24552:67)\n    at handlePromise (/home/willar1/.npm/_npx/e2379662f955a86b/node_modules/storybook/dist/common/index.cjs:25170:15)\n    at process.processTicksAndRejections (node:internal/process/task_queues:103:5)\n    at async Object.executeTask (/home/willar1/.npm/_npx/e2379662f955a86b/node_modules/storybook/dist/node-logger/index.cjs:9094:11)\n    at async So.dedupeDependencies (/home/willar1/.npm/_npx/e2379662f955a86b/node_modules/storybook/dist/common/index.cjs:25480:5)\n    at async /home/willar1/.npm/_npx/e2379662f955a86b/node_modules/@storybook/cli/dist/bin/index.cjs:290:1344\n    at async withTelemetry (/home/willar1/.npm/_npx/e2379662f955a86b/node_modules/storybook/dist/core-server/index.cjs:42352:12)\n    at async upgrade (/home/willar1/.npm/_npx/e2379662f955a86b/node_modules/@storybook/cli/dist/bin/index.cjs:285:1361)\n    at async Command.<anonymous> (/home/willar1/.npm/_npx/e2379662f955a86b/node_modules/@storybook/cli/dist/bin/index.cjs:291:3312)"}
[13:09:15.016] [ERROR] dedupe-dependencies-task-error: An error occurred while deduplicating dependencies.
[13:09:15.016] [ERROR] Error: Command failed with exit code 1: bun dedupe
error: Script not found "dedupe"
    at makeError (/home/willar1/.npm/_npx/e2379662f955a86b/node_modules/storybook/dist/common/index.cjs:24552:67)
    at handlePromise (/home/willar1/.npm/_npx/e2379662f955a86b/node_modules/storybook/dist/common/index.cjs:25170:15)
    at process.processTicksAndRejections (node:internal/process/task_queues:103:5)
    at async Object.executeTask (/home/willar1/.npm/_npx/e2379662f955a86b/node_modules/storybook/dist/node-logger/index.cjs:9094:11)
    at async So.dedupeDependencies (/home/willar1/.npm/_npx/e2379662f955a86b/node_modules/storybook/dist/common/index.cjs:25480:5)
    at async /home/willar1/.npm/_npx/e2379662f955a86b/node_modules/@storybook/cli/dist/bin/index.cjs:290:1344
    at async withTelemetry (/home/willar1/.npm/_npx/e2379662f955a86b/node_modules/storybook/dist/core-server/index.cjs:42352:12)
    at async upgrade (/home/willar1/.npm/_npx/e2379662f955a86b/node_modules/@storybook/cli/dist/bin/index.cjs:285:1361)
    at async Command.<anonymous> (/home/willar1/.npm/_npx/e2379662f955a86b/node_modules/@storybook/cli/dist/bin/index.cjs:291:3312)
[13:09:15.425] [ERROR] Error: Command failed with exit code 1: bun dedupe
error: Script not found "dedupe"